2022-10-25 12:47:47,022 INFO org.springframework.boot.StartupInfoLogger [main] Starting SpringGodelBotApplication using Java 11.0.12 on INV-2021-L with PID 21392 (C:\Users\a.miachyn\IdeaProjects\SpringGodelBot\target\classes started by a.miachyn in C:\Users\a.miachyn\IdeaProjects\SpringGodelBot)
2022-10-25 12:47:47,038 INFO org.springframework.boot.SpringApplication [main] No active profile set, falling back to 1 default profile: "default"
2022-10-25 12:47:47,826 INFO org.springframework.data.repository.config.RepositoryConfigurationDelegate [main] Bootstrapping Spring Data JPA repositories in DEFAULT mode.
2022-10-25 12:47:47,925 INFO org.springframework.data.repository.config.RepositoryConfigurationDelegate [main] Finished Spring Data repository scanning in 90 ms. Found 7 JPA repository interfaces.
2022-10-25 12:47:48,363 INFO org.springframework.boot.web.embedded.tomcat.TomcatWebServer [main] Tomcat initialized with port(s): 5000 (http)
2022-10-25 12:47:48,363 INFO org.apache.juli.logging.DirectJDKLog [main] Initializing ProtocolHandler ["http-nio-5000"]
2022-10-25 12:47:48,363 INFO org.apache.juli.logging.DirectJDKLog [main] Starting service [Tomcat]
2022-10-25 12:47:48,363 INFO org.apache.juli.logging.DirectJDKLog [main] Starting Servlet engine: [Apache Tomcat/9.0.65]
2022-10-25 12:47:48,462 INFO org.apache.juli.logging.DirectJDKLog [main] Initializing Spring embedded WebApplicationContext
2022-10-25 12:47:48,462 INFO org.springframework.boot.web.servlet.context.ServletWebServerApplicationContext [main] Root WebApplicationContext: initialization completed in 1398 ms
2022-10-25 12:47:48,640 INFO com.zaxxer.hikari.HikariDataSource [main] HikariPool-1 - Starting...
2022-10-25 12:47:48,731 INFO com.zaxxer.hikari.HikariDataSource [main] HikariPool-1 - Start completed.
2022-10-25 12:47:48,846 INFO liquibase.logging.core.JavaLogger [main] Set default schema name to public
2022-10-25 12:47:48,939 INFO liquibase.logging.core.JavaLogger [main] Successfully acquired change log lock
2022-10-25 12:47:49,419 INFO liquibase.logging.core.JavaLogger [main] Reading from public.databasechangelog
2022-10-25 12:47:49,506 INFO liquibase.logging.core.JavaLogger [main] Successfully released change log lock
2022-10-25 12:47:49,609 INFO org.hibernate.jpa.internal.util.LogHelper [main] HHH000204: Processing PersistenceUnitInfo [name: default]
2022-10-25 12:47:49,666 INFO org.hibernate.Version [main] HHH000412: Hibernate ORM core version 5.6.10.Final
2022-10-25 12:47:49,799 INFO org.hibernate.annotations.common.reflection.java.JavaReflectionManager [main] HCANN000001: Hibernate Commons Annotations {5.1.2.Final}
2022-10-25 12:47:49,899 INFO org.hibernate.dialect.Dialect [main] HHH000400: Using dialect: org.hibernate.dialect.PostgreSQL10Dialect
2022-10-25 12:47:50,456 INFO org.hibernate.engine.transaction.jta.platform.internal.JtaPlatformInitiator [main] HHH000490: Using JtaPlatform implementation: [org.hibernate.engine.transaction.jta.platform.internal.NoJtaPlatform]
2022-10-25 12:47:50,456 INFO org.springframework.orm.jpa.AbstractEntityManagerFactoryBean [main] Initialized JPA EntityManagerFactory for persistence unit 'default'
2022-10-25 12:47:51,258 WARN org.springframework.boot.autoconfigure.orm.jpa.JpaBaseConfiguration$JpaWebConfiguration [main] spring.jpa.open-in-view is enabled by default. Therefore, database queries may be performed during view rendering. Explicitly configure spring.jpa.open-in-view to disable this warning
2022-10-25 12:47:51,617 INFO org.apache.juli.logging.DirectJDKLog [main] Starting ProtocolHandler ["http-nio-5000"]
2022-10-25 12:47:51,651 INFO org.springframework.boot.web.embedded.tomcat.TomcatWebServer [main] Tomcat started on port(s): 5000 (http) with context path ''
2022-10-25 12:47:51,683 INFO com.godeltech.springgodelbot.config.BotInitializer [main] Set web hook with path :https://8cb1-82-209-241-194.eu.ngrok.io
2022-10-25 12:47:51,689 INFO com.godeltech.springgodelbot.service.impl.RestServiceImpl [main] Set webhook with path :https://8cb1-82-209-241-194.eu.ngrok.io
2022-10-25 12:47:52,106 INFO org.springframework.boot.StartupInfoLogger [main] Started SpringGodelBotApplication in 5.433 seconds (JVM running for 6.308)
2022-10-25 12:47:52,250 INFO com.godeltech.springgodelbot.scheduler.impl.PingTaskServiceImpl [scheduling-1] Ping tudasudabot.herokuapp.com, OK: response code 200
2022-10-25 12:47:52,252 INFO com.godeltech.springgodelbot.scheduler.impl.ScheduleServiceImpl [scheduling-1] Deleting expired offers
2022-10-25 12:47:52,267 INFO com.godeltech.springgodelbot.service.impl.TokenServiceImpl [scheduling-1] Delete non usable expired tokens
2022-10-25 12:47:52,432 INFO com.godeltech.springgodelbot.service.impl.TokenServiceImpl [scheduling-1] Remove expired token
2022-10-25 12:47:52,859 ERROR org.springframework.scheduling.support.TaskUtils$LoggingErrorHandler [scheduling-1] Unexpected error occurred in scheduled task
com.godeltech.springgodelbot.exception.DeleteMessageException: Can't delete message
	at com.godeltech.springgodelbot.service.impl.TudaSudaTelegramBot.deleteMessage(TudaSudaTelegramBot.java:138)
	at com.godeltech.springgodelbot.service.impl.TudaSudaTelegramBot.lambda$deleteExpiredTokens$1(TudaSudaTelegramBot.java:154)
	at java.base/java.util.ArrayList.forEach(ArrayList.java:1541)
	at com.godeltech.springgodelbot.service.impl.TudaSudaTelegramBot.deleteExpiredTokens(TudaSudaTelegramBot.java:154)
	at com.godeltech.springgodelbot.scheduler.impl.ScheduleServiceImpl.deleteExpireTokens(ScheduleServiceImpl.java:41)
	at java.base/jdk.internal.reflect.NativeMethodAccessorImpl.invoke0(Native Method)
	at java.base/jdk.internal.reflect.NativeMethodAccessorImpl.invoke(NativeMethodAccessorImpl.java:62)
	at java.base/jdk.internal.reflect.DelegatingMethodAccessorImpl.invoke(DelegatingMethodAccessorImpl.java:43)
	at java.base/java.lang.reflect.Method.invoke(Method.java:566)
	at org.springframework.scheduling.support.ScheduledMethodRunnable.run(ScheduledMethodRunnable.java:84)
	at org.springframework.scheduling.support.DelegatingErrorHandlingRunnable.run(DelegatingErrorHandlingRunnable.java:54)
	at java.base/java.util.concurrent.Executors$RunnableAdapter.call(Executors.java:515)
	at java.base/java.util.concurrent.FutureTask.runAndReset(FutureTask.java:305)
	at java.base/java.util.concurrent.ScheduledThreadPoolExecutor$ScheduledFutureTask.run(ScheduledThreadPoolExecutor.java:305)
	at java.base/java.util.concurrent.ThreadPoolExecutor.runWorker(ThreadPoolExecutor.java:1128)
	at java.base/java.util.concurrent.ThreadPoolExecutor$Worker.run(ThreadPoolExecutor.java:628)
	at java.base/java.lang.Thread.run(Thread.java:834)
2022-10-25 12:47:52,859 INFO com.godeltech.springgodelbot.scheduler.impl.ScheduleServiceImpl [scheduling-1] Deleting expired offers
2022-10-25 12:47:52,863 INFO com.godeltech.springgodelbot.service.impl.TransferItemServiceImpl [scheduling-1] Delete offers whose second date is earlier than : 2022-10-25
2022-10-25 12:47:52,876 INFO com.godeltech.springgodelbot.service.impl.DriverItemServiceImpl [scheduling-1] Delete drivers whose second date is earlier than : 2022-10-25
2022-10-25 12:47:52,883 INFO com.godeltech.springgodelbot.service.impl.TransferItemServiceImpl [scheduling-1] Delete offers whose first date is earlier than :2022-10-25 and second date is null
2022-10-25 12:47:52,889 INFO com.godeltech.springgodelbot.service.impl.DriverItemServiceImpl [scheduling-1] Delete offers whose first date is earlier than :2022-10-25 and second date is null
2022-10-25 12:48:15,680 INFO org.apache.juli.logging.DirectJDKLog [http-nio-5000-exec-1] Initializing Spring DispatcherServlet 'dispatcherServlet'
2022-10-25 12:48:15,680 INFO org.springframework.web.servlet.FrameworkServlet [http-nio-5000-exec-1] Initializing Servlet 'dispatcherServlet'
2022-10-25 12:48:15,681 INFO org.springframework.web.servlet.FrameworkServlet [http-nio-5000-exec-1] Completed initialization in 1 ms
2022-10-25 12:49:24,253 INFO com.godeltech.springgodelbot.service.impl.TudaSudaTelegramBot [http-nio-5000-exec-4] Is he member of group? user : Myachin97
2022-10-25 12:49:24,475 INFO com.godeltech.springgodelbot.resolver.callback.type.impl.ActivityCallbackType [http-nio-5000-exec-4] Got ACTIVITY callback type with activity :PASSENGER and token : b74876bde61e1cc634effc by user : Myachin97
2022-10-25 12:49:24,501 INFO com.godeltech.springgodelbot.service.impl.CityServiceImpl [http-nio-5000-exec-4] Find all routes
2022-10-25 12:49:24,526 INFO com.godeltech.springgodelbot.service.impl.RequestServiceImpl [http-nio-5000-exec-4] Save new request with tokenId: b74876bde61e1cc634effc with activity : PASSENGER
2022-10-25 12:49:24,526 INFO com.godeltech.springgodelbot.service.impl.TokenServiceImpl [http-nio-5000-exec-4] Income message with token :b74876bde61e1cc634effc
2022-10-25 12:49:25,925 INFO com.godeltech.springgodelbot.service.impl.TudaSudaTelegramBot [http-nio-5000-exec-5] Is he member of group? user : Myachin97
2022-10-25 12:49:25,998 INFO com.godeltech.springgodelbot.resolver.callback.type.impl.passenger.CancelPassengerRequestCallbackType [http-nio-5000-exec-5] Got callback : CANCEL_PASSENGER_REQUEST with token : b74876bde61e1cc634effc by user : Myachin97
2022-10-25 12:49:26,002 INFO com.godeltech.springgodelbot.service.impl.RequestServiceImpl [http-nio-5000-exec-5] Get request by token id : b74876bde61e1cc634effc
2022-10-25 12:49:26,016 INFO com.godeltech.springgodelbot.service.impl.RequestServiceImpl [http-nio-5000-exec-5] Delete request with id : 223
2022-10-25 12:49:33,178 INFO com.godeltech.springgodelbot.service.impl.TudaSudaTelegramBot [http-nio-5000-exec-6] Is he member of group? user : Myachin97
2022-10-25 12:49:33,303 INFO com.godeltech.springgodelbot.resolver.message.type.impl.TextAndEntityMessageType [http-nio-5000-exec-6] Got /start message
2022-10-25 12:49:33,303 INFO com.godeltech.springgodelbot.service.impl.TudaSudaTelegramBot [http-nio-5000-exec-6] Is he member of group? user : Myachin97
2022-10-25 12:49:33,467 INFO com.godeltech.springgodelbot.service.impl.UserServiceImpl [http-nio-5000-exec-6] Check and save user with id: 834450967 username : Myachin97
2022-10-25 12:49:33,498 INFO com.godeltech.springgodelbot.service.impl.UserServiceImpl [http-nio-5000-exec-6] Save a new user: UserEntity(id=834450967, firstName=Артем, lastName=Мячин, userName=Myachin97, isValid=true)
2022-10-25 12:49:33,660 INFO com.godeltech.springgodelbot.service.impl.TokenServiceImpl [http-nio-5000-exec-6] Create new token with userId :834450967 and chatId :834450967
2022-10-25 12:50:11,934 INFO com.godeltech.springgodelbot.service.impl.TudaSudaTelegramBot [http-nio-5000-exec-7] Is he member of group? user : Iari653
2022-10-25 12:50:12,070 INFO com.godeltech.springgodelbot.resolver.message.type.impl.TextAndEntityMessageType [http-nio-5000-exec-7] Got /start message
2022-10-25 12:50:12,071 INFO com.godeltech.springgodelbot.service.impl.TudaSudaTelegramBot [http-nio-5000-exec-7] Is he member of group? user : Iari653
2022-10-25 12:50:12,213 INFO com.godeltech.springgodelbot.service.impl.UserServiceImpl [http-nio-5000-exec-7] Check and save user with id: 831205786 username : Iari653
2022-10-25 12:50:12,214 INFO com.godeltech.springgodelbot.service.impl.UserServiceImpl [http-nio-5000-exec-7] Save a new user: UserEntity(id=831205786, firstName=Ярослав, lastName=null, userName=Iari653, isValid=true)
2022-10-25 12:50:12,359 INFO com.godeltech.springgodelbot.service.impl.TokenServiceImpl [http-nio-5000-exec-7] Create new token with userId :831205786 and chatId :831205786
2022-10-25 13:07:55,080 INFO com.godeltech.springgodelbot.scheduler.impl.PingTaskServiceImpl [scheduling-1] Ping tudasudabot.herokuapp.com, OK: response code 200
2022-10-25 13:27:51,944 INFO com.godeltech.springgodelbot.scheduler.impl.PingTaskServiceImpl [scheduling-1] Ping tudasudabot.herokuapp.com, OK: response code 200
2022-10-25 13:47:51,988 INFO com.godeltech.springgodelbot.scheduler.impl.PingTaskServiceImpl [scheduling-1] Ping tudasudabot.herokuapp.com, OK: response code 200
2022-10-25 14:06:26,255 INFO org.springframework.orm.jpa.AbstractEntityManagerFactoryBean [SpringApplicationShutdownHook] Closing JPA EntityManagerFactory for persistence unit 'default'
2022-10-25 14:06:26,259 INFO com.zaxxer.hikari.HikariDataSource [SpringApplicationShutdownHook] HikariPool-1 - Shutdown initiated...
2022-10-25 14:06:26,264 INFO com.zaxxer.hikari.HikariDataSource [SpringApplicationShutdownHook] HikariPool-1 - Shutdown completed.
